<?xml version="1.0" encoding="UTF-8"?>
<!-- Generated by org.testng.reporters.JUnitReportReporter -->
<testsuite hostname="gani" failures="0" tests="1" name="methods.ArrayPractice" time="0.007" errors="0" timestamp="2025-02-17T15:05:36 IST" skipped="0">
  <testcase classname="methods.ArrayPractice" name="missingNumbers" time="0.007"/>
  <system-out/>
</testsuite> <!-- methods.ArrayPractice -->
