<?xml version="1.0" encoding="UTF-8"?>
<!-- Generated by org.testng.reporters.JUnitReportReporter -->
<testsuite hostname="gani" failures="0" tests="1" name="rahulsettyAcademy.HowToHandelMultipleWindowsTest" time="6.964" errors="0" timestamp="2025-03-01T14:57:10 IST" skipped="0">
  <testcase classname="rahulsettyAcademy.HowToHandelMultipleWindowsTest" name="windowHandel" time="6.964"/>
  <system-out/>
</testsuite> <!-- rahulsettyAcademy.HowToHandelMultipleWindowsTest -->
