<?xml version="1.0" encoding="UTF-8"?>
<!-- Generated by org.testng.reporters.JUnitReportReporter -->
<testsuite hostname="gani" failures="0" tests="4" name="rahulsettyAcademy.Streams" time="0.017" errors="0" timestamp="2025-02-17T12:01:28 IST" skipped="0">
  <testcase classname="rahulsettyAcademy.Streams" name="main" time="0.009"/>
  <system-out/>
  <testcase classname="rahulsettyAcademy.Streams" name="streamFilter" time="0.002"/>
  <system-out/>
  <testcase classname="rahulsettyAcademy.Streams" name="practice" time="0.004"/>
  <system-out/>
  <testcase classname="rahulsettyAcademy.Streams" name="moreThern4" time="0.002"/>
  <system-out/>
</testsuite> <!-- rahulsettyAcademy.Streams -->
