<?xml version="1.0" encoding="UTF-8"?>
<!-- Generated by org.testng.reporters.JUnitReportReporter -->
<testsuite hostname="gani" failures="0" tests="2" name="rahulsettyAcademy.StreamsPrsactice1" time="5.893" errors="0" timestamp="2025-02-19T14:56:42 IST" skipped="0">
  <testcase classname="rahulsettyAcademy.StreamsPrsactice1" name="fatchMoteThen4LettersStringList" time="0.012"/>
  <system-out/>
  <testcase classname="rahulsettyAcademy.StreamsPrsactice1" name="rahul" time="5.881"/>
  <system-out/>
</testsuite> <!-- rahulsettyAcademy.StreamsPrsactice1 -->
