<?xml version="1.0" encoding="UTF-8"?>
<!-- Generated by org.testng.reporters.JUnitReportReporter -->
<testsuite hostname="gani" failures="0" tests="1" name="rahulsettyAcademy.FilterTheTable" time="2.580" errors="0" timestamp="2025-02-20T20:48:34 IST" skipped="0">
  <testcase classname="rahulsettyAcademy.FilterTheTable" name="relativeLocators" time="2.580"/>
  <system-out/>
</testsuite> <!-- rahulsettyAcademy.FilterTheTable -->
