<?xml version="1.0" encoding="UTF-8"?>
<!-- Generated by org.testng.reporters.JUnitReportReporter -->
<testsuite hostname="gani" failures="0" tests="1" name="assertionPractice.HardAssert" time="0.008" errors="0" timestamp="2025-02-23T20:33:58 IST" skipped="0">
  <testcase classname="assertionPractice.HardAssert" name="hardAssert" time="0.008"/>
  <system-out/>
</testsuite> <!-- assertionPractice.HardAssert -->
